<?xml version="1.0" encoding="UTF-8"?>
<!-- Generated by org.testng.reporters.JUnitXMLReporter -->
<testsuite ignored="0" hostname="LAPTOP-NAFMD4PS" failures="1" tests="2" name="Default test" time="46.085" errors="0" timestamp="2022-05-09T12:33:28 CEST">
  <testcase classname="io.cucumber.testng.AbstractTestNGCucumberTests" name="runScenario" time="42.477"/>
  <testcase classname="io.cucumber.testng.AbstractTestNGCucumberTests" name="runScenario" time="3.192">
    <failure type="org.openqa.selenium.SessionNotCreatedException" message="Could not start a new session. Possible causes are invalid address of the remote server or browser start-up failure.
Build info: version: &amp;apos;4.1.0&amp;apos;, revision: &amp;apos;87802e897b&amp;apos;
System info: host: &amp;apos;LAPTOP-NAFMD4PS&amp;apos;, ip: &amp;apos;192.168.2.174&amp;apos;, os.name: &amp;apos;Windows 10&amp;apos;, os.arch: &amp;apos;amd64&amp;apos;, os.version: &amp;apos;10.0&amp;apos;, java.version: &amp;apos;15.0.2&amp;apos;
Driver info: org.openqa.selenium.remote.RemoteWebDriver
Command: [null, newSession {capabilities=[Capabilities {browserName: edge, platformName: win10}], desiredCapabilities=Capabilities {browserName: edge, platform: WIN10}}]
Capabilities {}">
      <![CDATA[org.openqa.selenium.SessionNotCreatedException: Could not start a new session. Possible causes are invalid address of the remote server or browser start-up failure.
Build info: version: '4.1.0', revision: '87802e897b'
System info: host: 'LAPTOP-NAFMD4PS', ip: '192.168.2.174', os.name: 'Windows 10', os.arch: 'amd64', os.version: '10.0', java.version: '15.0.2'
Driver info: org.openqa.selenium.remote.RemoteWebDriver
Command: [null, newSession {capabilities=[Capabilities {browserName: edge, platformName: win10}], desiredCapabilities=Capabilities {browserName: edge, platform: WIN10}}]
Capabilities {}
at org.openqa.selenium.remote.RemoteWebDriver.execute(RemoteWebDriver.java:577)
at org.openqa.selenium.remote.RemoteWebDriver.startSession(RemoteWebDriver.java:246)
at org.openqa.selenium.remote.RemoteWebDriver.<init>(RemoteWebDriver.java:168)
at org.openqa.selenium.remote.RemoteWebDriver.<init>(RemoteWebDriver.java:146)
at utilities.SiteUtilityCloud.openBrowser(SiteUtilityCloud.java:39)
at gluecode.StepDef1.method1(StepDef1.java:24)
at ✽.open "edge" browser in "win 10" platform(file:///C:/Users/Eigenaar/SeleniumBatch258/org.magnitia.googlesearchpiccontainertestnggitcloud/src/test/resources/features/myfeature.feature:4)
Caused by: java.io.UncheckedIOException: java.io.IOException: Stream closed
at org.openqa.selenium.remote.http.netty.NettyHttpHandler.makeCall(NettyHttpHandler.java:80)
at org.openqa.selenium.remote.http.RetryRequest.lambda$apply$6(RetryRequest.java:82)
at net.jodah.failsafe.Functions.lambda$get$0(Functions.java:48)
at net.jodah.failsafe.RetryPolicyExecutor.lambda$supply$0(RetryPolicyExecutor.java:66)
at net.jodah.failsafe.RetryPolicyExecutor.lambda$supply$0(RetryPolicyExecutor.java:66)
at net.jodah.failsafe.RetryPolicyExecutor.lambda$supply$0(RetryPolicyExecutor.java:66)
at net.jodah.failsafe.Execution.executeSync(Execution.java:128)
at net.jodah.failsafe.FailsafeExecutor.call(FailsafeExecutor.java:379)
at net.jodah.failsafe.FailsafeExecutor.get(FailsafeExecutor.java:68)
at org.openqa.selenium.remote.http.RetryRequest.lambda$apply$7(RetryRequest.java:82)
at org.openqa.selenium.remote.http.AddSeleniumUserAgent.lambda$apply$0(AddSeleniumUserAgent.java:42)
at org.openqa.selenium.remote.http.Filter.lambda$andFinally$1(Filter.java:56)
at org.openqa.selenium.remote.http.netty.NettyHttpHandler.execute(NettyHttpHandler.java:51)
at org.openqa.selenium.remote.http.RetryRequest.lambda$apply$6(RetryRequest.java:82)
at net.jodah.failsafe.Functions.lambda$get$0(Functions.java:48)
at net.jodah.failsafe.RetryPolicyExecutor.lambda$supply$0(RetryPolicyExecutor.java:66)
at net.jodah.failsafe.RetryPolicyExecutor.lambda$supply$0(RetryPolicyExecutor.java:66)
at net.jodah.failsafe.RetryPolicyExecutor.lambda$supply$0(RetryPolicyExecutor.java:66)
at net.jodah.failsafe.Execution.executeSync(Execution.java:128)
at net.jodah.failsafe.FailsafeExecutor.call(FailsafeExecutor.java:379)
at net.jodah.failsafe.FailsafeExecutor.get(FailsafeExecutor.java:68)
at org.openqa.selenium.remote.http.RetryRequest.lambda$apply$7(RetryRequest.java:82)
at org.openqa.selenium.remote.http.AddSeleniumUserAgent.lambda$apply$0(AddSeleniumUserAgent.java:42)
at org.openqa.selenium.remote.http.Filter.lambda$andFinally$1(Filter.java:56)
at org.openqa.selenium.remote.http.netty.NettyClient.execute(NettyClient.java:108)
at org.openqa.selenium.remote.tracing.TracedHttpClient.execute(TracedHttpClient.java:55)
at org.openqa.selenium.remote.ProtocolHandshake.createSession(ProtocolHandshake.java:102)
at org.openqa.selenium.remote.ProtocolHandshake.createSession(ProtocolHandshake.java:84)
at org.openqa.selenium.remote.ProtocolHandshake.createSession(ProtocolHandshake.java:62)
at org.openqa.selenium.remote.HttpCommandExecutor.execute(HttpCommandExecutor.java:156)
at org.openqa.selenium.remote.TracedCommandExecutor.execute(TracedCommandExecutor.java:50)
at org.openqa.selenium.remote.RemoteWebDriver.execute(RemoteWebDriver.java:559)
at org.openqa.selenium.remote.RemoteWebDriver.startSession(RemoteWebDriver.java:246)
at org.openqa.selenium.remote.RemoteWebDriver.<init>(RemoteWebDriver.java:168)
at org.openqa.selenium.remote.RemoteWebDriver.<init>(RemoteWebDriver.java:146)
at utilities.SiteUtilityCloud.openBrowser(SiteUtilityCloud.java:39)
at gluecode.StepDef1.method1(StepDef1.java:24)
at java.base/jdk.internal.reflect.NativeMethodAccessorImpl.invoke0(Native Method)
at java.base/jdk.internal.reflect.NativeMethodAccessorImpl.invoke(NativeMethodAccessorImpl.java:64)
at java.base/jdk.internal.reflect.DelegatingMethodAccessorImpl.invoke(DelegatingMethodAccessorImpl.java:43)
at java.base/java.lang.reflect.Method.invoke(Method.java:564)
at io.cucumber.java.Invoker.doInvoke(Invoker.java:66)
at io.cucumber.java.Invoker.invoke(Invoker.java:24)
at io.cucumber.java.AbstractGlueDefinition.invokeMethod(AbstractGlueDefinition.java:47)
at io.cucumber.java.JavaStepDefinition.execute(JavaStepDefinition.java:29)
at io.cucumber.core.runner.CoreStepDefinition.execute(CoreStepDefinition.java:66)
at io.cucumber.core.runner.PickleStepDefinitionMatch.runStep(PickleStepDefinitionMatch.java:63)
at io.cucumber.core.runner.ExecutionMode$1.execute(ExecutionMode.java:10)
at io.cucumber.core.runner.TestStep.executeStep(TestStep.java:86)
at io.cucumber.core.runner.TestStep.run(TestStep.java:57)
at io.cucumber.core.runner.PickleStepTestStep.run(PickleStepTestStep.java:51)
at io.cucumber.core.runner.TestCase.run(TestCase.java:95)
at io.cucumber.core.runner.Runner.runPickle(Runner.java:75)
at io.cucumber.testng.TestNGCucumberRunner.lambda$runScenario$1(TestNGCucumberRunner.java:132)
at io.cucumber.core.runtime.CucumberExecutionContext.lambda$runTestCase$3(CucumberExecutionContext.java:110)
at io.cucumber.core.runtime.RethrowingThrowableCollector.executeAndThrow(RethrowingThrowableCollector.java:23)
at io.cucumber.core.runtime.CucumberExecutionContext.runTestCase(CucumberExecutionContext.java:110)
at io.cucumber.testng.TestNGCucumberRunner.runScenario(TestNGCucumberRunner.java:129)
at io.cucumber.testng.AbstractTestNGCucumberTests.runScenario(AbstractTestNGCucumberTests.java:35)
at java.base/jdk.internal.reflect.NativeMethodAccessorImpl.invoke0(Native Method)
at java.base/jdk.internal.reflect.NativeMethodAccessorImpl.invoke(NativeMethodAccessorImpl.java:64)
at java.base/jdk.internal.reflect.DelegatingMethodAccessorImpl.invoke(DelegatingMethodAccessorImpl.java:43)
at java.base/java.lang.reflect.Method.invoke(Method.java:564)
at org.testng.internal.MethodInvocationHelper.invokeMethod(MethodInvocationHelper.java:133)
at org.testng.internal.TestInvoker.invokeMethod(TestInvoker.java:598)
at org.testng.internal.TestInvoker.invokeTestMethod(TestInvoker.java:173)
at org.testng.internal.MethodRunner.runInSequence(MethodRunner.java:46)
at org.testng.internal.TestInvoker$MethodInvocationAgent.invoke(TestInvoker.java:824)
at org.testng.internal.TestInvoker.invokeTestMethods(TestInvoker.java:146)
at org.testng.internal.TestMethodWorker.invokeTestMethods(TestMethodWorker.java:146)
at org.testng.internal.TestMethodWorker.run(TestMethodWorker.java:128)
at java.base/java.util.ArrayList.forEach(ArrayList.java:1511)
at org.testng.TestRunner.privateRun(TestRunner.java:794)
at org.testng.TestRunner.run(TestRunner.java:596)
at org.testng.SuiteRunner.runTest(SuiteRunner.java:377)
at org.testng.SuiteRunner.runSequentially(SuiteRunner.java:371)
at org.testng.SuiteRunner.privateRun(SuiteRunner.java:332)
at org.testng.SuiteRunner.run(SuiteRunner.java:276)
at org.testng.SuiteRunnerWorker.runSuite(SuiteRunnerWorker.java:53)
at org.testng.SuiteRunnerWorker.run(SuiteRunnerWorker.java:96)
at org.testng.TestNG.runSuitesSequentially(TestNG.java:1212)
at org.testng.TestNG.runSuitesLocally(TestNG.java:1134)
at org.testng.TestNG.runSuites(TestNG.java:1063)
at org.testng.TestNG.run(TestNG.java:1031)
at org.testng.remote.AbstractRemoteTestNG.run(AbstractRemoteTestNG.java:115)
at org.testng.remote.RemoteTestNG.initAndRun(RemoteTestNG.java:251)
at org.testng.remote.RemoteTestNG.main(RemoteTestNG.java:77)
Caused by: java.io.IOException: Stream closed
at java.base/java.io.BufferedInputStream.getInIfOpen(BufferedInputStream.java:157)
at java.base/java.io.BufferedInputStream.available(BufferedInputStream.java:408)
at java.base/java.io.FilterInputStream.available(FilterInputStream.java:166)
at java.base/java.io.PushbackInputStream.available(PushbackInputStream.java:275)
at io.netty.handler.stream.ChunkedStream.isEndOfInput(ChunkedStream.java:82)
at io.netty.handler.stream.ChunkedStream.readChunk(ChunkedStream.java:109)
at io.netty.handler.stream.ChunkedStream.readChunk(ChunkedStream.java:36)
at io.netty.handler.stream.ChunkedWriteHandler.doFlush(ChunkedWriteHandler.java:229)
at io.netty.handler.stream.ChunkedWriteHandler.flush(ChunkedWriteHandler.java:131)
at io.netty.channel.AbstractChannelHandlerContext.invokeFlush0(AbstractChannelHandlerContext.java:750)
at io.netty.channel.AbstractChannelHandlerContext.invokeWriteAndFlush(AbstractChannelHandlerContext.java:765)
at io.netty.channel.AbstractChannelHandlerContext.write(AbstractChannelHandlerContext.java:790)
at io.netty.channel.AbstractChannelHandlerContext.writeAndFlush(AbstractChannelHandlerContext.java:758)
at io.netty.channel.DefaultChannelPipeline.writeAndFlush(DefaultChannelPipeline.java:1020)
at io.netty.channel.AbstractChannel.writeAndFlush(AbstractChannel.java:311)
at org.asynchttpclient.netty.request.body.NettyInputStreamBody.write(NettyInputStreamBody.java:77)
at org.asynchttpclient.netty.request.NettyRequestSender.writeRequest(NettyRequestSender.java:433)
at org.asynchttpclient.netty.channel.NettyConnectListener.writeRequest(NettyConnectListener.java:80)
at org.asynchttpclient.netty.channel.NettyConnectListener.onSuccess(NettyConnectListener.java:156)
at org.asynchttpclient.netty.channel.NettyChannelConnector$1.onSuccess(NettyChannelConnector.java:92)
at org.asynchttpclient.netty.SimpleChannelFutureListener.operationComplete(SimpleChannelFutureListener.java:26)
at org.asynchttpclient.netty.SimpleChannelFutureListener.operationComplete(SimpleChannelFutureListener.java:20)
at io.netty.util.concurrent.DefaultPromise.notifyListener0(DefaultPromise.java:578)
at io.netty.util.concurrent.DefaultPromise.notifyListeners0(DefaultPromise.java:571)
at io.netty.util.concurrent.DefaultPromise.notifyListenersNow(DefaultPromise.java:550)
at io.netty.util.concurrent.DefaultPromise.notifyListeners(DefaultPromise.java:491)
at io.netty.util.concurrent.DefaultPromise.setValue0(DefaultPromise.java:616)
at io.netty.util.concurrent.DefaultPromise.setSuccess0(DefaultPromise.java:605)
at io.netty.util.concurrent.DefaultPromise.trySuccess(DefaultPromise.java:104)
at io.netty.channel.DefaultChannelPromise.trySuccess(DefaultChannelPromise.java:84)
at io.netty.channel.nio.AbstractNioChannel$AbstractNioUnsafe.fulfillConnectPromise(AbstractNioChannel.java:300)
at io.netty.channel.nio.AbstractNioChannel$AbstractNioUnsafe.finishConnect(AbstractNioChannel.java:335)
at io.netty.channel.nio.NioEventLoop.processSelectedKey(NioEventLoop.java:707)
at io.netty.channel.nio.NioEventLoop.processSelectedKeysOptimized(NioEventLoop.java:655)
at io.netty.channel.nio.NioEventLoop.processSelectedKeys(NioEventLoop.java:581)
at io.netty.channel.nio.NioEventLoop.run(NioEventLoop.java:493)
at io.netty.util.concurrent.SingleThreadEventExecutor$4.run(SingleThreadEventExecutor.java:986)
at io.netty.util.internal.ThreadExecutorMap$2.run(ThreadExecutorMap.java:74)
at io.netty.util.concurrent.FastThreadLocalRunnable.run(FastThreadLocalRunnable.java:30)
at java.base/java.lang.Thread.run(Thread.java:832)
]]>
    </failure>
  </testcase> <!-- runScenario -->
</testsuite> <!-- Default test -->
